<?xml version="1.0" encoding="UTF-8"?>
<!-- Generated by org.testng.reporters.JUnitReportReporter -->
<testsuite skipped="0" hostname="Surajs-MacBook-Pro.local" name="com.qa.gmail.tests.GmailTest" tests="2" failures="0" timestamp="25 Jun 2020 02:51:03 GMT" time="15.764" errors="0">
  <testcase name="composeButtonTest" time="10.089" classname="com.qa.gmail.tests.GmailTest"/>
  <testcase name="gmailTest" time="5.675" classname="com.qa.gmail.tests.GmailTest"/>
</testsuite> <!-- com.qa.gmail.tests.GmailTest -->
