<?xml version="1.0" encoding="UTF-8"?>
<!-- Generated by org.testng.reporters.JUnitReportReporter -->
<testsuite skipped="0" hostname="Surajs-MacBook-Pro.local" name="com.qa.gmail.tests.InboxPageTest" tests="2" failures="0" timestamp="25 Jun 2020 16:07:02 GMT" time="17.812" errors="0">
  <testcase name="verifyComposeButtonIsDisplayedTest" time="8.825" classname="com.qa.gmail.tests.InboxPageTest"/>
  <testcase name="verifyGmailTest" time="8.987" classname="com.qa.gmail.tests.InboxPageTest"/>
</testsuite> <!-- com.qa.gmail.tests.InboxPageTest -->
