<?xml version="1.0" encoding="UTF-8"?>
<!-- Generated by org.testng.reporters.JUnitReportReporter -->
<testsuite skipped="0" hostname="Surajs-MacBook-Pro.local" name="com.qa.gmail.tests.LoginPageTest" tests="2" failures="0" timestamp="25 Jun 2020 02:30:07 GMT" time="23.122" errors="0">
  <testcase name="verifyLoginPageTitleTest" time="10.065" classname="com.qa.gmail.tests.LoginPageTest"/>
  <testcase name="verifyLoginTest" time="13.057" classname="com.qa.gmail.tests.LoginPageTest"/>
</testsuite> <!-- com.qa.gmail.tests.LoginPageTest -->
